<?xml version="1.0" encoding="UTF-8"?>
<testng-results ignored="0" total="1" passed="1" failed="0" skipped="0">
  <reporter-output>
    <line>
      <![CDATA[sample class executed]]>
    </line>
  </reporter-output>
  <suite started-at="2025-05-02T16:03:50 IST" name="Default suite" finished-at="2025-05-02T16:03:50 IST" duration-ms="65">
    <groups>
    </groups>
    <test started-at="2025-05-02T16:03:50 IST" name="Default test" finished-at="2025-05-02T16:03:50 IST" duration-ms="65">
      <class name="seleniumDemo.Sample">
        <test-method signature="demo()[pri:0, instance:seleniumDemo.Sample@2a3b5b47]" started-at="2025-05-02T16:03:50 IST" name="demo" finished-at="2025-05-02T16:03:50 IST" duration-ms="10" status="PASS">
          <reporter-output>
            <line>
              <![CDATA[sample class executed]]>
            </line>
          </reporter-output>
        </test-method> <!-- demo -->
      </class> <!-- seleniumDemo.Sample -->
    </test> <!-- Default test -->
  </suite> <!-- Default suite -->
</testng-results>
